20150430091129 CRAWL RESUMED - Running
           timestamp  discovered      queued   downloaded       doc/s(avg)  KB/s(avg)   dl-failures   busy-thread   mem-use-KB  heap-size-KB   congestion   max-depth   avg-depth
2015-04-30T09:11:49Z         184         134           21       1.05(1.05)     11(11)             0             0        38521         77312            1         133          67
2015-04-30T09:12:09Z         333         259           35        0.7(0.88)     12(12)             1             0        23264        111616            1         258         129
2015-04-30T09:12:29Z         333         248           45        0.5(0.75)       0(8)             1             0        24383        111616            1         248         248
2015-04-30T09:12:49Z         333         238           55        0.5(0.69)       0(6)             1             0        25585        111616            1         238         238
2015-04-30T09:13:09Z         333         229           64       0.45(0.64)       0(4)             1             0        27266        111616            1         229         229
2015-04-30T09:13:29Z         333         219           74        0.5(0.62)       0(4)             1             0        28591        111616            1         219         219
2015-04-30T09:13:49Z         333         209           84         0.5(0.6)       0(3)             1             0        29763        111616            1         209         209
2015-04-30T09:14:09Z         368         224           93       0.45(0.58)       2(3)             1             0        33830        111616            1         224         224
2015-04-30T09:14:29Z         434         267          102       0.45(0.57)      11(4)             1             1        38584        111616            1         267         267
2015-04-30T09:14:49Z         604         382          111       0.45(0.56)       6(4)             1             0        53064        111616            1         382         382
2015-04-30T09:15:09Z         604         373          120       0.45(0.55)       0(4)             1             0        54432        111616            1         373         373
2015-04-30T09:15:29Z         604         363          130        0.5(0.54)       0(3)             1             0        55715        111616            1         363         363
2015-04-30T09:15:49Z         604         353          140        0.5(0.54)       0(3)             1             0        57097        111616            1         353         353
2015-04-30T09:16:09Z         604         344          149       0.45(0.53)       0(3)             1             0        58183        111616            1         344         344
2015-04-30T09:16:29Z         604         334          159        0.5(0.53)       0(3)             1             0        59492        111616            1         334         334
2015-04-30T09:16:49Z         644         348          168       0.45(0.53)       7(3)             1             0        76003        111616            1         348         348
2015-04-30T09:17:09Z         773         403          177       0.45(0.52)      12(3)             1             0        48935        111616            1         403         403
2015-04-30T09:17:29Z         797         417          180        0.15(0.5)       4(3)             1             0        55879        111616            1         417         417
2015-04-30T09:17:49Z         810         422          188        0.4(0.49)       3(3)             1             1        60199        111616            1         422         422
2015-04-30T09:18:09Z         815         422          192        0.2(0.48)       2(3)             1             0        63726        111616            1         422         422
2015-04-30T09:18:29Z         817         422          194        0.1(0.46)       1(3)             1             1        65631        111616            1         422         422
2015-04-30T09:18:49Z         828         423          204        0.5(0.46)       3(3)             1             0        71822        111616            1         423         423
2015-04-30T09:19:09Z         852         432          213       0.45(0.46)       5(3)             1             0        23329        173056            1         432         432
2015-04-30T09:19:29Z         864         434          223        0.5(0.46)       1(3)             1             0        26655        173056            1         434         434
2015-04-30T09:19:49Z         886         447          232       0.45(0.46)       1(3)             1             0        30312        173056            1         447         447
2015-04-30T09:20:09Z         886         437          242        0.5(0.47)       0(3)             1             0        31497        173056            1         437         437
2015-04-30T09:20:29Z         886         427          252        0.5(0.47)       0(3)             1             0        32585        173056            1         427         427
2015-04-30T09:20:49Z         898         428          261       0.45(0.47)       2(3)             1             0        36661        173056            1         428         428
2015-04-30T09:21:09Z         905         425          270       0.45(0.47)       2(3)             1             0        43115        173056            1         425         425
2015-04-30T09:21:29Z         922         431          280        0.5(0.47)       3(3)             1             0        49348        173056            1         431         431
2015-04-30T09:21:49Z         933         431          289       0.45(0.47)       4(3)             1             0        52997        173056            1         431         431
2015-04-30T09:22:09Z         933         422          298       0.45(0.47)       0(3)             1             0        54055        173056            1         422         422
2015-04-30T09:22:29Z         942         421          308        0.5(0.47)       1(3)             1             0        57299        173056            1         421         421
2015-04-30T09:22:49Z         951         421          317       0.45(0.47)       1(3)             1             0        60408        173056            1         421         421
2015-04-30T09:23:09Z         960         419          327        0.5(0.47)       2(3)             1             0        64615        173056            1         419         419
2015-04-30T09:23:29Z         976         425          336       0.45(0.47)       4(3)             1             0        70936        173056            1         425         425
2015-04-30T09:23:49Z         981         421          345       0.45(0.47)       2(3)             1             0        75306        173056            1         421         421
2015-04-30T09:24:09Z        1024         439          355        0.5(0.47)       4(3)             1             0        82473        173056            1         439         439
2015-04-30T09:24:29Z        1032         437          364       0.45(0.47)       2(3)             1             0        85181        173056            1         437         437
2015-04-30T09:24:49Z        1033         427          374        0.5(0.47)       3(3)             1             0        87639        173056            1         427         427
2015-04-30T09:25:09Z        1033         417          384        0.5(0.47)       1(3)             1             0        88821        173056            1         417         417
2015-04-30T09:25:29Z        1033         408          393       0.45(0.47)       1(3)             1             0        90229        173056            1         408         408
2015-04-30T09:25:49Z        1033         398          403        0.5(0.47)       5(3)             1             0        91309        173056            1         398         398
2015-04-30T09:26:09Z        1033         388          413        0.5(0.47)       3(3)             1             0        92738        173056            1         388         388
2015-04-30T09:26:29Z        1033         379          422       0.45(0.47)       1(3)             1             0        94917        173056            1         379         379
2015-04-30T09:26:49Z        1033         369          432        0.5(0.47)       1(3)             1             0        96931        173056            1         369         369
2015-04-30T09:27:09Z        1107         404          440        0.4(0.47)       8(3)             1             0       116830        173056            1         404         404
2015-04-30T09:27:29Z        1202         446          448        0.4(0.47)      10(3)             1             0        23424        173056            1         446         446
2015-04-30T09:27:49Z        1311         500          455       0.35(0.46)       9(3)             1             1        46447        173056            1         500         500
2015-04-30T09:28:09Z        1358         520          459        0.2(0.46)       5(3)             1             0        58354        173056            1         520         520
2015-04-30T09:28:29Z        1459         569          467        0.4(0.46)       9(3)             1             1        80624        173056            1         569         569
2015-04-30T09:28:49Z        1472         569          476       0.45(0.46)       5(3)             1             0        89922        173056            1         569         569
2015-04-30T09:29:09Z        1480         568          484        0.4(0.46)       4(3)             1             0        98348        173056            1         568         568
2015-04-30T09:29:29Z        1489         568          493       0.45(0.46)       4(3)             1             1       108253        173056            1         568         568
2015-04-30T09:29:49Z        1489         559          502       0.45(0.46)       2(3)             1             0       113166        173056            1         559         559
2015-04-30T09:30:09Z        1489         550          511       0.45(0.46)       2(3)             1             0       118123        173056            1         550         550
2015-04-30T09:30:29Z        1489         541          520       0.45(0.46)       0(3)             1             0       119313        173056            1         541         541
2015-04-30T09:30:49Z        1502         543          530        0.5(0.46)       4(3)             1             0       124447        173056            1         543         543
2015-04-30T09:31:09Z        1509         544          535       0.25(0.45)       2(3)             1             0       128384        173056            1         544         544
2015-04-30T09:31:29Z        1519         548          541        0.3(0.45)       3(3)             1             0       133695        173056            1         548         548
2015-04-30T09:31:49Z        1538         551          550       0.45(0.45)       6(3)             1             0        25653        244736            1         551         551
2015-04-30T09:32:09Z        1538         541          560        0.5(0.45)       5(3)             1             0        27271        244736            1         541         541
2015-04-30T09:32:29Z        1538         532          569       0.45(0.45)       0(3)             1             0        28733        244736            1         532         532
2015-04-30T09:32:49Z        1543         526          579        0.5(0.45)       1(3)             1             0        31566        244736            1         526         526
2015-04-30T09:33:09Z        1549         523          588       0.45(0.45)       2(3)             1             0        35655        244736            1         523         523
2015-04-30T09:33:29Z        1559         523          598        0.5(0.45)       3(3)             1             0        41486        244736            1         523         523
2015-04-30T09:33:49Z        1563         518          607       0.45(0.45)       2(3)             1             0        45710        244736            1         518         518
2015-04-30T09:34:09Z        1587         523          615        0.4(0.45)       6(3)             1             0        55578        244736            1         523         523
2015-04-30T09:34:29Z        1594         521          624       0.45(0.45)       2(3)             1             0        59712        244736            1         521         521
2015-04-30T09:34:49Z        1597         514          634        0.5(0.45)       3(3)             1             0        62499        244736            1         514         514
2015-04-30T09:35:09Z        1610         517          643       0.45(0.45)       3(3)             1             0        68263        244736            1         517         517
2015-04-30T09:35:29Z        1615         512          653        0.5(0.45)       1(3)             1             0        70854        244736            1         512         512
2015-04-30T09:35:49Z        1623         510          662       0.45(0.45)       3(3)             1             0        76272        244736            1         510         510
